<?xml version="1.0" encoding="UTF-8"?>
<!-- Generated by org.testng.reporters.JUnitReportReporter -->
<testsuite hostname="DESKTOP-SLVV0PD" failures="0" tests="1" name="prueba.NewTest" time="13.337" errors="0" timestamp="2023-07-22T10:47:53 CST" skipped="0">
  <testcase classname="prueba.NewTest" name="f" time="13.337"/>
</testsuite> <!-- prueba.NewTest -->
